  debug.cpp
  image_png.cpp
  keyboard.cpp
  mouse.cpp
  NFont.cpp
  SDL_FontCache.cpp
C:\Users\Yenifer\Desktop\TETRIS_V3\intro_llibreria_grafica_estudiants\0. C++ Code\Graphic Lib\NFont\SDL_FontCache.cpp(205,25): warning C4309: '=': truncation of constant value
C:\Users\Yenifer\Desktop\TETRIS_V3\intro_llibreria_grafica_estudiants\0. C++ Code\Graphic Lib\NFont\SDL_FontCache.cpp(216,25): warning C4309: '=': truncation of constant value
  sound.cpp
  sprites.cpp
  stb_vorbis.cpp
  video.cpp
  Figura.cpp
  Joc.cpp
  Partida.cpp
  GraphicManager.cpp
C:\Users\Yenifer\Desktop\TETRIS_V3\intro_llibreria_grafica_estudiants\0. C++ Code\Logic Game\GraphicManager.cpp(35,37): warning C4244: 'argument': conversion from 'float' to 'int', possible loss of data
C:\Users\Yenifer\Desktop\TETRIS_V3\intro_llibreria_grafica_estudiants\0. C++ Code\Logic Game\GraphicManager.cpp(35,31): warning C4244: 'argument': conversion from 'float' to 'int', possible loss of data
  main.cpp
  Tauler.cpp
  Generating Code...
  MP_Practica.vcxproj -> C:\Users\Yenifer\Desktop\TETRIS_V3\intro_llibreria_grafica_estudiants\2. Platforms\0. Windows Desktop\Program\MP_Practica.exe
